Arguments: 
  C:\Program Files\nodejs\node.exe C:\Users\felip\AppData\Roaming\npm\node_modules\yarn\bin\yarn.js add @nestjs/config

PATH: 
  C:\Program Files\Eclipse Adoptium\jdk-11.0.13.8-hotspot\bin;C:\WINDOWS\system32;C:\WINDOWS;C:\WINDOWS\System32\Wbem;C:\WINDOWS\System32\WindowsPowerShell\v1.0\;C:\WINDOWS\System32\OpenSSH\;C:\Program Files\nodejs\;C:\Program Files\PuTTY\;C:\Program Files\Git\cmd;C:\Program Files (x86)\Gpg4win\..\GnuPG\bin;C:\Ruby30-x64\bin;C:\Users\felip\AppData\Local\Microsoft\WindowsApps;C:\Users\felip\AppData\Local\Programs\Microsoft VS Code\bin;C:\Users\felip\AppData\Roaming\npm;C:\Users\felip\AppData\Local\GitHubDesktop\bin;C:\light;;C:\Program Files\IPFS Desktop\resources\app.asar.unpacked\src\ipfs-on-path\scripts\bin-win

Yarn version: 
  1.22.17

Node version: 
  14.17.6

Platform: 
  win32 x64

Trace: 
  Error: ENOSPC: no space left on device, copyfile 'C:\Users\felip\AppData\Local\Yarn\Cache\v6\npm-ajv-8.8.2-01b4fef2007a28bf75f0b7fc009f62679de4abbb-integrity\node_modules\ajv\dist\compile\errors.js' -> 'C:\Users\felip\Documents\typescript-starter\node_modules\table\node_modules\ajv\dist\compile\errors.js'

npm manifest: 
  {
    "name": "nest-typescript-starter",
    "private": true,
    "version": "1.0.0",
    "description": "Nest TypeScript starter repository",
    "license": "MIT",
    "scripts": {
      "prebuild": "rimraf dist",
      "build": "nest build",
      "format": "prettier --write \"src/**/*.ts\" \"test/**/*.ts\"",
      "start": "nest start",
      "start:dev": "nest start --watch",
      "start:debug": "nest start --debug --watch",
      "start:prod": "node dist/main",
      "lint": "eslint \"{src,apps,libs,test}/**/*.ts\" --fix",
      "test": "jest",
      "test:watch": "jest --watch",
      "test:cov": "jest --coverage",
      "test:debug": "node --inspect-brk -r tsconfig-paths/register -r ts-node/register node_modules/.bin/jest --runInBand",
      "test:e2e": "jest --config ./test/jest-e2e.json"
    },
    "dependencies": {
      "@nestjs/common": "^8.1.1",
      "@nestjs/core": "^8.1.1",
      "@nestjs/platform-express": "^8.1.1",
      "@nestjs/typeorm": "^8.0.2",
      "mysql2": "^2.3.3",
      "reflect-metadata": "^0.1.13",
      "rimraf": "^3.0.2",
      "rxjs": "^7.4.0",
      "typeorm": "^0.2.41"
    },
    "devDependencies": {
      "@nestjs/cli": "^8.1.3",
      "@nestjs/schematics": "^8.0.4",
      "@nestjs/testing": "^8.1.1",
      "@types/express": "^4.17.13",
      "@types/jest": "^27.0.2",
      "@types/node": "^16.11.1",
      "@types/supertest": "^2.0.11",
      "@typescript-eslint/eslint-plugin": "^4.29.2",
      "@typescript-eslint/parser": "^4.29.2",
      "eslint": "^7.32.0",
      "eslint-config-prettier": "^8.3.0",
      "eslint-plugin-prettier": "^3.4.1",
      "jest": "^27.3.0",
      "prettier": "^2.4.1",
      "source-map-support": "^0.5.20",
      "supertest": "^6.1.6",
      "ts-jest": "^27.0.7",
      "ts-loader": "^9.2.6",
      "ts-node": "^10.3.0",
      "tsconfig-paths": "^3.11.0",
      "typescript": "^4.4.4"
    },
    "jest": {
      "moduleFileExtensions": [
        "js",
        "json",
        "ts"
      ],
      "rootDir": "src",
      "testRegex": ".*\\.spec\\.ts$",
      "transform": {
        "^.+\\.(t|j)s$": "ts-jest"
      },
      "collectCoverageFrom": [
        "**/*.(t|j)s"
      ],
      "coverageDirectory": "../coverage",
      "testEnvironment": "node"
    }
  }

yarn manifest: 
  No manifest

Lockfile: 
  No lockfile
